rice
default
co2
precipitation
temperature
ploting now
170.78774277334958
-10.49800409854753
The PostScript backend does not support transparency; partially transparent artists will be rendered opaque.
maize
default
co2
precipitation
temperature
ploting now
47.47365229747843
-19.235569772254795
The PostScript backend does not support transparency; partially transparent artists will be rendered opaque.
soybean
default
co2
precipitation
temperature
ploting now
60.546933802149326
-18.59293203131637
The PostScript backend does not support transparency; partially transparent artists will be rendered opaque.
